0 info it worked if it ends with ok
1 verbose cli [ '/usr/local/Cellar/node/7.3.0/bin/node',
1 verbose cli   '/usr/local/bin/npm',
1 verbose cli   'install',
1 verbose cli   '--save',
1 verbose cli   'alexa-sdk' ]
2 info using npm@3.10.10
3 info using node@v7.3.0
4 silly loadCurrentTree Starting
5 silly install loadCurrentTree
6 silly install readLocalPackageData
7 silly fetchPackageMetaData alexa-sdk
8 silly fetchNamedPackageData alexa-sdk
9 silly mapToRegistry name alexa-sdk
10 silly mapToRegistry using default registry
11 silly mapToRegistry registry https://registry.npmjs.org/
12 silly mapToRegistry data Result {
12 silly mapToRegistry   raw: 'alexa-sdk',
12 silly mapToRegistry   scope: null,
12 silly mapToRegistry   escapedName: 'alexa-sdk',
12 silly mapToRegistry   name: 'alexa-sdk',
12 silly mapToRegistry   rawSpec: '',
12 silly mapToRegistry   spec: 'latest',
12 silly mapToRegistry   type: 'tag' }
13 silly mapToRegistry uri https://registry.npmjs.org/alexa-sdk
14 verbose request uri https://registry.npmjs.org/alexa-sdk
15 verbose request no auth needed
16 info attempt registry request try #1 at 3:48:02 PM
17 verbose request id 187d2365c42870b8
18 http request GET https://registry.npmjs.org/alexa-sdk
19 http 200 https://registry.npmjs.org/alexa-sdk
20 verbose headers { 'content-type': 'application/json; charset=UTF-8',
20 verbose headers   server: 'UploadServer',
20 verbose headers   'cache-control': 'max-age=300',
20 verbose headers   'last-modified': 'Sat, 20 Jan 2018 16:53:54 GMT',
20 verbose headers   etag: '"5a637422-18dcb"',
20 verbose headers   'x-npm-region': 'US-East',
20 verbose headers   'content-encoding': 'gzip',
20 verbose headers   'content-length': '20507',
20 verbose headers   'accept-ranges': 'bytes',
20 verbose headers   date: 'Mon, 12 Feb 2018 20:48:03 GMT',
20 verbose headers   via: '1.1 varnish',
20 verbose headers   age: '0',
20 verbose headers   connection: 'keep-alive',
20 verbose headers   'x-served-by': 'cache-mia17623-MIA',
20 verbose headers   'x-cache': 'MISS',
20 verbose headers   'x-cache-hits': '0',
20 verbose headers   'x-timer': 'S1518468483.972574,VS0,VE143',
20 verbose headers   vary: 'Accept-Encoding, Accept' }
21 silly get cb [ 200,
21 silly get   { 'content-type': 'application/json; charset=UTF-8',
21 silly get     server: 'UploadServer',
21 silly get     'cache-control': 'max-age=300',
21 silly get     'last-modified': 'Sat, 20 Jan 2018 16:53:54 GMT',
21 silly get     etag: '"5a637422-18dcb"',
21 silly get     'x-npm-region': 'US-East',
21 silly get     'content-encoding': 'gzip',
21 silly get     'content-length': '20507',
21 silly get     'accept-ranges': 'bytes',
21 silly get     date: 'Mon, 12 Feb 2018 20:48:03 GMT',
21 silly get     via: '1.1 varnish',
21 silly get     age: '0',
21 silly get     connection: 'keep-alive',
21 silly get     'x-served-by': 'cache-mia17623-MIA',
21 silly get     'x-cache': 'MISS',
21 silly get     'x-cache-hits': '0',
21 silly get     'x-timer': 'S1518468483.972574,VS0,VE143',
21 silly get     vary: 'Accept-Encoding, Accept' } ]
22 verbose get saving alexa-sdk to /Users/deepikaasubramaniam/.npm/registry.npmjs.org/alexa-sdk/.cache.json
23 verbose correctMkdir /Users/deepikaasubramaniam/.npm correctMkdir not in flight; initializing
24 silly install normalizeTree
25 silly loadCurrentTree Finishing
26 silly loadIdealTree Starting
27 silly install loadIdealTree
28 silly cloneCurrentTree Starting
29 silly install cloneCurrentTreeToIdealTree
30 silly cloneCurrentTree Finishing
31 silly loadShrinkwrap Starting
32 silly install loadShrinkwrap
33 silly loadShrinkwrap Finishing
34 silly loadAllDepsIntoIdealTree Starting
35 silly install loadAllDepsIntoIdealTree
36 silly rollbackFailedOptional Starting
37 silly rollbackFailedOptional Finishing
38 silly runTopLevelLifecycles Finishing
39 silly install printInstalled
40 verbose stack Error: Refusing to install alexa-sdk as a dependency of itself
40 verbose stack     at checkSelf (/usr/local/lib/node_modules/npm/lib/install/validate-args.js:53:14)
40 verbose stack     at Array.<anonymous> (/usr/local/lib/node_modules/npm/node_modules/slide/lib/bind-actor.js:15:8)
40 verbose stack     at LOOP (/usr/local/lib/node_modules/npm/node_modules/slide/lib/chain.js:15:14)
40 verbose stack     at chain (/usr/local/lib/node_modules/npm/node_modules/slide/lib/chain.js:20:5)
40 verbose stack     at /usr/local/lib/node_modules/npm/lib/install/validate-args.js:16:5
40 verbose stack     at /usr/local/lib/node_modules/npm/node_modules/slide/lib/async-map.js:52:35
40 verbose stack     at Array.forEach (native)
40 verbose stack     at /usr/local/lib/node_modules/npm/node_modules/slide/lib/async-map.js:52:11
40 verbose stack     at Array.forEach (native)
40 verbose stack     at asyncMap (/usr/local/lib/node_modules/npm/node_modules/slide/lib/async-map.js:51:8)
41 verbose cwd /Users/deepikaasubramaniam/alexa-skills-kit-sdk-for-nodejs
42 error Darwin 17.2.0
43 error argv "/usr/local/Cellar/node/7.3.0/bin/node" "/usr/local/bin/npm" "install" "--save" "alexa-sdk"
44 error node v7.3.0
45 error npm  v3.10.10
46 error code ENOSELF
47 error Refusing to install alexa-sdk as a dependency of itself
48 error If you need help, you may report this error at:
48 error     <https://github.com/npm/npm/issues>
49 verbose exit [ 1, true ]
